[2017-07-03 09:15:21] myapp.INFO: Matched route "homepage". {"route_parameters":{"_controller":["[object] (KnpU\\CodeBattle\\Controller\\DefaultController: {})","homepageAction"],"_route":"homepage"},"request_uri":"http://localhost:8000/"} []
[2017-07-03 09:15:21] myapp.INFO: Populated the TokenStorage with an anonymous Token. [] []
[2017-07-03 09:15:21] myapp.DEBUG: Access denied, the user is not fully authenticated; redirecting to authentication entry point. {"exception":"[object] (Symfony\\Component\\Security\\Core\\Exception\\AccessDeniedException: Access Denied. at /home/dquintana/desarrollo/rest-ep2/finish/vendor/symfony/security/Http/Firewall/AccessListener.php:70)"} []
[2017-07-03 09:15:21] myapp.DEBUG: Calling Authentication entry point. [] []
[2017-07-03 09:15:21] myapp.INFO: < 302 http://localhost:8000/login [] []
[2017-07-03 09:15:21] myapp.INFO: Matched route "user_login". {"route_parameters":{"_controller":["[object] (KnpU\\CodeBattle\\Controller\\UserController: {})","loginAction"],"_route":"user_login"},"request_uri":"http://localhost:8000/login"} []
[2017-07-03 09:15:21] myapp.INFO: Populated the TokenStorage with an anonymous Token. [] []
[2017-07-03 09:15:21] myapp.INFO: > GET /login [] []
[2017-07-03 09:15:21] myapp.INFO: < 200 [] []
[2017-07-03 09:15:48] myapp.INFO: Matched route "user_login_check". {"route_parameters":{"_controller":["[object] (KnpU\\CodeBattle\\Controller\\UserController: {})","loginCheckAction"],"_route":"user_login_check"},"request_uri":"http://localhost:8000/login_check"} []
[2017-07-03 09:15:48] myapp.INFO: User has been authenticated successfully. {"username":"ryan@knplabs.com"} []
[2017-07-03 09:15:48] myapp.INFO: < 302 http://localhost:8000/ [] []
[2017-07-03 09:15:48] myapp.DEBUG: Stored the security token in the session. {"key":"_security_main"} []
[2017-07-03 09:15:48] myapp.INFO: Matched route "homepage". {"route_parameters":{"_controller":["[object] (KnpU\\CodeBattle\\Controller\\DefaultController: {})","homepageAction"],"_route":"homepage"},"request_uri":"http://localhost:8000/"} []
[2017-07-03 09:15:48] myapp.DEBUG: Read existing security token from the session. {"key":"_security_main"} []
[2017-07-03 09:15:48] myapp.DEBUG: User was reloaded from a user provider. {"username":"ryan@knplabs.com","provider":"KnpU\\CodeBattle\\Repository\\UserRepository"} []
[2017-07-03 09:15:48] myapp.INFO: > GET / [] []
[2017-07-03 09:15:48] myapp.INFO: < 200 [] []
[2017-07-03 09:15:48] myapp.DEBUG: Stored the security token in the session. {"key":"_security_main"} []
[2017-07-03 09:24:39] myapp.INFO: Matched route "programmer_new". {"route_parameters":{"_controller":["[object] (KnpU\\CodeBattle\\Controller\\ProgrammerController: {})","newAction"],"_route":"programmer_new"},"request_uri":"http://localhost:8000/programmers/new"} []
[2017-07-03 09:24:39] myapp.DEBUG: Read existing security token from the session. {"key":"_security_main"} []
[2017-07-03 09:24:39] myapp.DEBUG: User was reloaded from a user provider. {"username":"ryan@knplabs.com","provider":"KnpU\\CodeBattle\\Repository\\UserRepository"} []
[2017-07-03 09:24:39] myapp.INFO: > GET /programmers/new [] []
[2017-07-03 09:24:39] myapp.INFO: < 200 [] []
[2017-07-03 09:24:39] myapp.DEBUG: Stored the security token in the session. {"key":"_security_main"} []
[2017-07-03 09:25:08] myapp.INFO: Matched route "programmer_new_handle". {"route_parameters":{"_controller":["[object] (KnpU\\CodeBattle\\Controller\\ProgrammerController: {})","handleNewAction"],"_route":"programmer_new_handle"},"request_uri":"http://localhost:8000/programmers/new"} []
[2017-07-03 09:25:08] myapp.DEBUG: Read existing security token from the session. {"key":"_security_main"} []
[2017-07-03 09:25:08] myapp.DEBUG: User was reloaded from a user provider. {"username":"ryan@knplabs.com","provider":"KnpU\\CodeBattle\\Repository\\UserRepository"} []
[2017-07-03 09:25:08] myapp.INFO: > POST /programmers/new [] []
[2017-07-03 09:25:08] myapp.INFO: < 302 /programmers/HappyCoder [] []
[2017-07-03 09:25:08] myapp.DEBUG: Stored the security token in the session. {"key":"_security_main"} []
[2017-07-03 09:25:08] myapp.INFO: Matched route "programmer_show". {"route_parameters":{"_controller":["[object] (KnpU\\CodeBattle\\Controller\\ProgrammerController: {})","showAction"],"nickname":"HappyCoder","_route":"programmer_show"},"request_uri":"http://localhost:8000/programmers/HappyCoder"} []
[2017-07-03 09:25:08] myapp.DEBUG: Read existing security token from the session. {"key":"_security_main"} []
[2017-07-03 09:25:08] myapp.DEBUG: User was reloaded from a user provider. {"username":"ryan@knplabs.com","provider":"KnpU\\CodeBattle\\Repository\\UserRepository"} []
[2017-07-03 09:25:08] myapp.INFO: > GET /programmers/HappyCoder [] []
[2017-07-03 09:25:08] myapp.INFO: < 200 [] []
[2017-07-03 09:25:08] myapp.DEBUG: Stored the security token in the session. {"key":"_security_main"} []
[2017-07-03 09:25:29] myapp.INFO: Matched route "battle_new". {"route_parameters":{"_controller":["[object] (KnpU\\CodeBattle\\Controller\\BattleController: {})","newAction"],"_route":"battle_new"},"request_uri":"http://localhost:8000/battles/new"} []
[2017-07-03 09:25:29] myapp.DEBUG: Read existing security token from the session. {"key":"_security_main"} []
[2017-07-03 09:25:29] myapp.DEBUG: User was reloaded from a user provider. {"username":"ryan@knplabs.com","provider":"KnpU\\CodeBattle\\Repository\\UserRepository"} []
[2017-07-03 09:25:29] myapp.INFO: > POST /battles/new [] []
[2017-07-03 09:25:29] myapp.INFO: < 302 /battles/1 [] []
[2017-07-03 09:25:29] myapp.DEBUG: Stored the security token in the session. {"key":"_security_main"} []
[2017-07-03 09:25:29] myapp.INFO: Matched route "battle_show". {"route_parameters":{"_controller":["[object] (KnpU\\CodeBattle\\Controller\\BattleController: {})","showAction"],"id":"1","_route":"battle_show"},"request_uri":"http://localhost:8000/battles/1"} []
[2017-07-03 09:25:29] myapp.DEBUG: Read existing security token from the session. {"key":"_security_main"} []
[2017-07-03 09:25:29] myapp.DEBUG: User was reloaded from a user provider. {"username":"ryan@knplabs.com","provider":"KnpU\\CodeBattle\\Repository\\UserRepository"} []
[2017-07-03 09:25:29] myapp.INFO: > GET /battles/1 [] []
[2017-07-03 09:25:30] myapp.INFO: < 200 [] []
[2017-07-03 09:25:30] myapp.DEBUG: Stored the security token in the session. {"key":"_security_main"} []
[2017-07-06 10:24:38] myapp.INFO: Matched route "homepage". {"route_parameters":{"_controller":["[object] (KnpU\\CodeBattle\\Controller\\DefaultController: {})","homepageAction"],"_route":"homepage"},"request_uri":"http://localhost:8000/"} []
[2017-07-06 10:24:38] myapp.INFO: Populated the TokenStorage with an anonymous Token. [] []
[2017-07-06 10:24:38] myapp.DEBUG: Access denied, the user is not fully authenticated; redirecting to authentication entry point. {"exception":"[object] (Symfony\\Component\\Security\\Core\\Exception\\AccessDeniedException: Access Denied. at /home/dquintana/desarrollo/rest-ep2/finish/vendor/symfony/security/Http/Firewall/AccessListener.php:70)"} []
[2017-07-06 10:24:38] myapp.DEBUG: Calling Authentication entry point. [] []
[2017-07-06 10:24:38] myapp.INFO: < 302 http://localhost:8000/login [] []
[2017-07-06 10:24:38] myapp.INFO: Matched route "user_login". {"route_parameters":{"_controller":["[object] (KnpU\\CodeBattle\\Controller\\UserController: {})","loginAction"],"_route":"user_login"},"request_uri":"http://localhost:8000/login"} []
[2017-07-06 10:24:38] myapp.INFO: Populated the TokenStorage with an anonymous Token. [] []
[2017-07-06 10:24:38] myapp.INFO: > GET /login [] []
[2017-07-06 10:24:39] myapp.INFO: < 200 [] []
[2017-07-06 10:24:46] myapp.INFO: Matched route "user_login_check". {"route_parameters":{"_controller":["[object] (KnpU\\CodeBattle\\Controller\\UserController: {})","loginCheckAction"],"_route":"user_login_check"},"request_uri":"http://localhost:8000/login_check"} []
[2017-07-06 10:24:46] myapp.INFO: User has been authenticated successfully. {"username":"ryan@knplabs.com"} []
[2017-07-06 10:24:46] myapp.INFO: < 302 http://localhost:8000/ [] []
[2017-07-06 10:24:46] myapp.DEBUG: Stored the security token in the session. {"key":"_security_main"} []
[2017-07-06 10:24:46] myapp.INFO: Matched route "homepage". {"route_parameters":{"_controller":["[object] (KnpU\\CodeBattle\\Controller\\DefaultController: {})","homepageAction"],"_route":"homepage"},"request_uri":"http://localhost:8000/"} []
[2017-07-06 10:24:46] myapp.DEBUG: Read existing security token from the session. {"key":"_security_main"} []
[2017-07-06 10:24:46] myapp.DEBUG: User was reloaded from a user provider. {"username":"ryan@knplabs.com","provider":"KnpU\\CodeBattle\\Repository\\UserRepository"} []
[2017-07-06 10:24:46] myapp.INFO: > GET / [] []
[2017-07-06 10:24:46] myapp.INFO: < 200 [] []
[2017-07-06 10:24:46] myapp.DEBUG: Stored the security token in the session. {"key":"_security_main"} []
[2017-07-06 10:24:49] myapp.INFO: Matched route "user_logout". {"route_parameters":{"_controller":["[object] (KnpU\\CodeBattle\\Controller\\UserController: {})","logoutAction"],"_route":"user_logout"},"request_uri":"http://localhost:8000/logout"} []
[2017-07-06 10:24:49] myapp.DEBUG: Read existing security token from the session. {"key":"_security_main"} []
[2017-07-06 10:24:49] myapp.DEBUG: User was reloaded from a user provider. {"username":"ryan@knplabs.com","provider":"KnpU\\CodeBattle\\Repository\\UserRepository"} []
[2017-07-06 10:24:49] myapp.INFO: < 302 http://localhost:8000/ [] []
[2017-07-06 10:24:49] myapp.INFO: Matched route "homepage". {"route_parameters":{"_controller":["[object] (KnpU\\CodeBattle\\Controller\\DefaultController: {})","homepageAction"],"_route":"homepage"},"request_uri":"http://localhost:8000/"} []
[2017-07-06 10:24:49] myapp.INFO: Populated the TokenStorage with an anonymous Token. [] []
[2017-07-06 10:24:49] myapp.DEBUG: Access denied, the user is not fully authenticated; redirecting to authentication entry point. {"exception":"[object] (Symfony\\Component\\Security\\Core\\Exception\\AccessDeniedException: Access Denied. at /home/dquintana/desarrollo/rest-ep2/finish/vendor/symfony/security/Http/Firewall/AccessListener.php:70)"} []
[2017-07-06 10:24:49] myapp.DEBUG: Calling Authentication entry point. [] []
[2017-07-06 10:24:49] myapp.INFO: < 302 http://localhost:8000/login [] []
[2017-07-06 10:24:49] myapp.INFO: Matched route "user_login". {"route_parameters":{"_controller":["[object] (KnpU\\CodeBattle\\Controller\\UserController: {})","loginAction"],"_route":"user_login"},"request_uri":"http://localhost:8000/login"} []
[2017-07-06 10:24:49] myapp.INFO: Populated the TokenStorage with an anonymous Token. [] []
[2017-07-06 10:24:49] myapp.INFO: > GET /login [] []
[2017-07-06 10:24:49] myapp.INFO: < 200 [] []
[2017-07-06 10:28:21] myapp.INFO: Matched route "user_login". {"route_parameters":{"_controller":["[object] (KnpU\\CodeBattle\\Controller\\UserController: {})","loginAction"],"_route":"user_login"},"request_uri":"http://localhost:8000/login"} []
[2017-07-06 10:28:21] myapp.INFO: Populated the TokenStorage with an anonymous Token. [] []
[2017-07-06 10:28:21] myapp.INFO: > GET /login [] []
[2017-07-06 10:28:21] myapp.INFO: < 200 [] []
[2017-07-06 10:28:26] myapp.INFO: Matched route "user_login_check". {"route_parameters":{"_controller":["[object] (KnpU\\CodeBattle\\Controller\\UserController: {})","loginCheckAction"],"_route":"user_login_check"},"request_uri":"http://localhost:8000/login_check"} []
[2017-07-06 10:28:26] myapp.INFO: User has been authenticated successfully. {"username":"ryan@knplabs.com"} []
[2017-07-06 10:28:26] myapp.INFO: < 302 http://localhost:8000/ [] []
[2017-07-06 10:28:26] myapp.DEBUG: Stored the security token in the session. {"key":"_security_main"} []
[2017-07-06 10:28:26] myapp.INFO: Matched route "homepage". {"route_parameters":{"_controller":["[object] (KnpU\\CodeBattle\\Controller\\DefaultController: {})","homepageAction"],"_route":"homepage"},"request_uri":"http://localhost:8000/"} []
[2017-07-06 10:28:26] myapp.DEBUG: Read existing security token from the session. {"key":"_security_main"} []
[2017-07-06 10:28:26] myapp.DEBUG: User was reloaded from a user provider. {"username":"ryan@knplabs.com","provider":"KnpU\\CodeBattle\\Repository\\UserRepository"} []
[2017-07-06 10:28:26] myapp.INFO: > GET / [] []
[2017-07-06 10:28:26] myapp.INFO: < 200 [] []
[2017-07-06 10:28:26] myapp.DEBUG: Stored the security token in the session. {"key":"_security_main"} []
[2017-07-06 10:28:29] myapp.INFO: Matched route "user_logout". {"route_parameters":{"_controller":["[object] (KnpU\\CodeBattle\\Controller\\UserController: {})","logoutAction"],"_route":"user_logout"},"request_uri":"http://localhost:8000/logout"} []
[2017-07-06 10:28:29] myapp.DEBUG: Read existing security token from the session. {"key":"_security_main"} []
[2017-07-06 10:28:29] myapp.DEBUG: User was reloaded from a user provider. {"username":"ryan@knplabs.com","provider":"KnpU\\CodeBattle\\Repository\\UserRepository"} []
[2017-07-06 10:28:29] myapp.INFO: < 302 http://localhost:8000/ [] []
[2017-07-06 10:28:29] myapp.INFO: Matched route "homepage". {"route_parameters":{"_controller":["[object] (KnpU\\CodeBattle\\Controller\\DefaultController: {})","homepageAction"],"_route":"homepage"},"request_uri":"http://localhost:8000/"} []
[2017-07-06 10:28:29] myapp.INFO: Populated the TokenStorage with an anonymous Token. [] []
[2017-07-06 10:28:29] myapp.DEBUG: Access denied, the user is not fully authenticated; redirecting to authentication entry point. {"exception":"[object] (Symfony\\Component\\Security\\Core\\Exception\\AccessDeniedException: Access Denied. at /home/dquintana/desarrollo/rest-ep2/finish/vendor/symfony/security/Http/Firewall/AccessListener.php:70)"} []
[2017-07-06 10:28:29] myapp.DEBUG: Calling Authentication entry point. [] []
[2017-07-06 10:28:29] myapp.INFO: < 302 http://localhost:8000/login [] []
[2017-07-06 10:28:29] myapp.INFO: Matched route "user_login". {"route_parameters":{"_controller":["[object] (KnpU\\CodeBattle\\Controller\\UserController: {})","loginAction"],"_route":"user_login"},"request_uri":"http://localhost:8000/login"} []
[2017-07-06 10:28:29] myapp.INFO: Populated the TokenStorage with an anonymous Token. [] []
[2017-07-06 10:28:29] myapp.INFO: > GET /login [] []
[2017-07-06 10:28:29] myapp.INFO: < 200 [] []
[2017-07-06 10:28:38] myapp.INFO: Matched route "homepage". {"route_parameters":{"_controller":["[object] (KnpU\\CodeBattle\\Controller\\DefaultController: {})","homepageAction"],"_route":"homepage"},"request_uri":"http://localhost:8000/"} []
[2017-07-06 10:28:38] myapp.INFO: Populated the TokenStorage with an anonymous Token. [] []
[2017-07-06 10:28:38] myapp.DEBUG: Access denied, the user is not fully authenticated; redirecting to authentication entry point. {"exception":"[object] (Symfony\\Component\\Security\\Core\\Exception\\AccessDeniedException: Access Denied. at /home/dquintana/desarrollo/rest-ep2/finish/vendor/symfony/security/Http/Firewall/AccessListener.php:70)"} []
[2017-07-06 10:28:38] myapp.DEBUG: Calling Authentication entry point. [] []
[2017-07-06 10:28:38] myapp.INFO: < 302 http://localhost:8000/login [] []
[2017-07-06 10:28:38] myapp.INFO: Matched route "user_login". {"route_parameters":{"_controller":["[object] (KnpU\\CodeBattle\\Controller\\UserController: {})","loginAction"],"_route":"user_login"},"request_uri":"http://localhost:8000/login"} []
[2017-07-06 10:28:38] myapp.INFO: Populated the TokenStorage with an anonymous Token. [] []
[2017-07-06 10:28:38] myapp.INFO: > GET /login [] []
[2017-07-06 10:28:38] myapp.INFO: < 200 [] []
[2017-07-06 10:28:43] myapp.INFO: Matched route "user_login_check". {"route_parameters":{"_controller":["[object] (KnpU\\CodeBattle\\Controller\\UserController: {})","loginCheckAction"],"_route":"user_login_check"},"request_uri":"http://localhost:8000/login_check"} []
[2017-07-06 10:28:43] myapp.INFO: User has been authenticated successfully. {"username":"ryan@knplabs.com"} []
[2017-07-06 10:28:43] myapp.INFO: < 302 http://localhost:8000/ [] []
[2017-07-06 10:28:43] myapp.DEBUG: Stored the security token in the session. {"key":"_security_main"} []
[2017-07-06 10:28:43] myapp.INFO: Matched route "homepage". {"route_parameters":{"_controller":["[object] (KnpU\\CodeBattle\\Controller\\DefaultController: {})","homepageAction"],"_route":"homepage"},"request_uri":"http://localhost:8000/"} []
[2017-07-06 10:28:43] myapp.DEBUG: Read existing security token from the session. {"key":"_security_main"} []
[2017-07-06 10:28:43] myapp.DEBUG: User was reloaded from a user provider. {"username":"ryan@knplabs.com","provider":"KnpU\\CodeBattle\\Repository\\UserRepository"} []
[2017-07-06 10:28:43] myapp.INFO: > GET / [] []
[2017-07-06 10:28:43] myapp.INFO: < 200 [] []
[2017-07-06 10:28:43] myapp.DEBUG: Stored the security token in the session. {"key":"_security_main"} []
[2017-07-06 10:28:46] myapp.INFO: Matched route "user_logout". {"route_parameters":{"_controller":["[object] (KnpU\\CodeBattle\\Controller\\UserController: {})","logoutAction"],"_route":"user_logout"},"request_uri":"http://localhost:8000/logout"} []
[2017-07-06 10:28:46] myapp.DEBUG: Read existing security token from the session. {"key":"_security_main"} []
[2017-07-06 10:28:46] myapp.DEBUG: User was reloaded from a user provider. {"username":"ryan@knplabs.com","provider":"KnpU\\CodeBattle\\Repository\\UserRepository"} []
[2017-07-06 10:28:46] myapp.INFO: < 302 http://localhost:8000/ [] []
[2017-07-06 10:28:46] myapp.INFO: Matched route "homepage". {"route_parameters":{"_controller":["[object] (KnpU\\CodeBattle\\Controller\\DefaultController: {})","homepageAction"],"_route":"homepage"},"request_uri":"http://localhost:8000/"} []
[2017-07-06 10:28:46] myapp.INFO: Populated the TokenStorage with an anonymous Token. [] []
[2017-07-06 10:28:46] myapp.DEBUG: Access denied, the user is not fully authenticated; redirecting to authentication entry point. {"exception":"[object] (Symfony\\Component\\Security\\Core\\Exception\\AccessDeniedException: Access Denied. at /home/dquintana/desarrollo/rest-ep2/finish/vendor/symfony/security/Http/Firewall/AccessListener.php:70)"} []
[2017-07-06 10:28:46] myapp.DEBUG: Calling Authentication entry point. [] []
[2017-07-06 10:28:46] myapp.INFO: < 302 http://localhost:8000/login [] []
[2017-07-06 10:28:46] myapp.INFO: Matched route "user_login". {"route_parameters":{"_controller":["[object] (KnpU\\CodeBattle\\Controller\\UserController: {})","loginAction"],"_route":"user_login"},"request_uri":"http://localhost:8000/login"} []
[2017-07-06 10:28:46] myapp.INFO: Populated the TokenStorage with an anonymous Token. [] []
[2017-07-06 10:28:46] myapp.INFO: > GET /login [] []
[2017-07-06 10:28:46] myapp.INFO: < 200 [] []
[2017-07-06 10:37:11] myapp.INFO: Matched route "user_login_check". {"route_parameters":{"_controller":["[object] (KnpU\\CodeBattle\\Controller\\UserController: {})","loginCheckAction"],"_route":"user_login_check"},"request_uri":"http://localhost:8000/login_check"} []
[2017-07-06 10:37:11] myapp.INFO: User has been authenticated successfully. {"username":"ryan@knplabs.com"} []
[2017-07-06 10:37:11] myapp.INFO: < 302 http://localhost:8000/ [] []
[2017-07-06 10:37:11] myapp.DEBUG: Stored the security token in the session. {"key":"_security_main"} []
[2017-07-06 10:37:11] myapp.INFO: Matched route "homepage". {"route_parameters":{"_controller":["[object] (KnpU\\CodeBattle\\Controller\\DefaultController: {})","homepageAction"],"_route":"homepage"},"request_uri":"http://localhost:8000/"} []
[2017-07-06 10:37:11] myapp.DEBUG: Read existing security token from the session. {"key":"_security_main"} []
[2017-07-06 10:37:11] myapp.DEBUG: User was reloaded from a user provider. {"username":"ryan@knplabs.com","provider":"KnpU\\CodeBattle\\Repository\\UserRepository"} []
[2017-07-06 10:37:11] myapp.INFO: > GET / [] []
[2017-07-06 10:37:11] myapp.INFO: < 200 [] []
[2017-07-06 10:37:11] myapp.DEBUG: Stored the security token in the session. {"key":"_security_main"} []
[2017-07-06 10:37:13] myapp.INFO: Matched route "user_logout". {"route_parameters":{"_controller":["[object] (KnpU\\CodeBattle\\Controller\\UserController: {})","logoutAction"],"_route":"user_logout"},"request_uri":"http://localhost:8000/logout"} []
[2017-07-06 10:37:13] myapp.DEBUG: Read existing security token from the session. {"key":"_security_main"} []
[2017-07-06 10:37:13] myapp.DEBUG: User was reloaded from a user provider. {"username":"ryan@knplabs.com","provider":"KnpU\\CodeBattle\\Repository\\UserRepository"} []
[2017-07-06 10:37:13] myapp.INFO: < 302 http://localhost:8000/ [] []
[2017-07-06 10:37:13] myapp.INFO: Matched route "homepage". {"route_parameters":{"_controller":["[object] (KnpU\\CodeBattle\\Controller\\DefaultController: {})","homepageAction"],"_route":"homepage"},"request_uri":"http://localhost:8000/"} []
[2017-07-06 10:37:13] myapp.INFO: Populated the TokenStorage with an anonymous Token. [] []
[2017-07-06 10:37:13] myapp.DEBUG: Access denied, the user is not fully authenticated; redirecting to authentication entry point. {"exception":"[object] (Symfony\\Component\\Security\\Core\\Exception\\AccessDeniedException: Access Denied. at /home/dquintana/desarrollo/rest-ep2/finish/vendor/symfony/security/Http/Firewall/AccessListener.php:70)"} []
[2017-07-06 10:37:13] myapp.DEBUG: Calling Authentication entry point. [] []
[2017-07-06 10:37:13] myapp.INFO: < 302 http://localhost:8000/login [] []
[2017-07-06 10:37:13] myapp.INFO: Matched route "user_login". {"route_parameters":{"_controller":["[object] (KnpU\\CodeBattle\\Controller\\UserController: {})","loginAction"],"_route":"user_login"},"request_uri":"http://localhost:8000/login"} []
[2017-07-06 10:37:13] myapp.INFO: Populated the TokenStorage with an anonymous Token. [] []
[2017-07-06 10:37:13] myapp.INFO: > GET /login [] []
[2017-07-06 10:37:13] myapp.INFO: < 200 [] []
[2017-07-06 10:37:18] myapp.INFO: Matched route "user_login_check". {"route_parameters":{"_controller":["[object] (KnpU\\CodeBattle\\Controller\\UserController: {})","loginCheckAction"],"_route":"user_login_check"},"request_uri":"http://localhost:8000/login_check"} []
[2017-07-06 10:37:18] myapp.INFO: User has been authenticated successfully. {"username":"ryan@knplabs.com"} []
[2017-07-06 10:37:18] myapp.INFO: < 302 http://localhost:8000/ [] []
[2017-07-06 10:37:18] myapp.DEBUG: Stored the security token in the session. {"key":"_security_main"} []
[2017-07-06 10:37:18] myapp.INFO: Matched route "homepage". {"route_parameters":{"_controller":["[object] (KnpU\\CodeBattle\\Controller\\DefaultController: {})","homepageAction"],"_route":"homepage"},"request_uri":"http://localhost:8000/"} []
[2017-07-06 10:37:18] myapp.DEBUG: Read existing security token from the session. {"key":"_security_main"} []
[2017-07-06 10:37:18] myapp.DEBUG: User was reloaded from a user provider. {"username":"ryan@knplabs.com","provider":"KnpU\\CodeBattle\\Repository\\UserRepository"} []
[2017-07-06 10:37:18] myapp.INFO: > GET / [] []
[2017-07-06 10:37:19] myapp.INFO: < 200 [] []
[2017-07-06 10:37:19] myapp.DEBUG: Stored the security token in the session. {"key":"_security_main"} []
[2017-07-06 10:37:21] myapp.INFO: Matched route "user_logout". {"route_parameters":{"_controller":["[object] (KnpU\\CodeBattle\\Controller\\UserController: {})","logoutAction"],"_route":"user_logout"},"request_uri":"http://localhost:8000/logout"} []
[2017-07-06 10:37:21] myapp.DEBUG: Read existing security token from the session. {"key":"_security_main"} []
[2017-07-06 10:37:21] myapp.DEBUG: User was reloaded from a user provider. {"username":"ryan@knplabs.com","provider":"KnpU\\CodeBattle\\Repository\\UserRepository"} []
[2017-07-06 10:37:21] myapp.INFO: < 302 http://localhost:8000/ [] []
[2017-07-06 10:37:21] myapp.INFO: Matched route "homepage". {"route_parameters":{"_controller":["[object] (KnpU\\CodeBattle\\Controller\\DefaultController: {})","homepageAction"],"_route":"homepage"},"request_uri":"http://localhost:8000/"} []
[2017-07-06 10:37:21] myapp.INFO: Populated the TokenStorage with an anonymous Token. [] []
[2017-07-06 10:37:21] myapp.DEBUG: Access denied, the user is not fully authenticated; redirecting to authentication entry point. {"exception":"[object] (Symfony\\Component\\Security\\Core\\Exception\\AccessDeniedException: Access Denied. at /home/dquintana/desarrollo/rest-ep2/finish/vendor/symfony/security/Http/Firewall/AccessListener.php:70)"} []
[2017-07-06 10:37:21] myapp.DEBUG: Calling Authentication entry point. [] []
[2017-07-06 10:37:21] myapp.INFO: < 302 http://localhost:8000/login [] []
[2017-07-06 10:37:21] myapp.INFO: Matched route "user_login". {"route_parameters":{"_controller":["[object] (KnpU\\CodeBattle\\Controller\\UserController: {})","loginAction"],"_route":"user_login"},"request_uri":"http://localhost:8000/login"} []
[2017-07-06 10:37:21] myapp.INFO: Populated the TokenStorage with an anonymous Token. [] []
[2017-07-06 10:37:21] myapp.INFO: > GET /login [] []
[2017-07-06 10:37:21] myapp.INFO: < 200 [] []
[2017-07-06 10:37:25] myapp.INFO: Matched route "homepage". {"route_parameters":{"_controller":["[object] (KnpU\\CodeBattle\\Controller\\DefaultController: {})","homepageAction"],"_route":"homepage"},"request_uri":"http://localhost:8000/"} []
[2017-07-06 10:37:25] myapp.INFO: Populated the TokenStorage with an anonymous Token. [] []
[2017-07-06 10:37:25] myapp.DEBUG: Access denied, the user is not fully authenticated; redirecting to authentication entry point. {"exception":"[object] (Symfony\\Component\\Security\\Core\\Exception\\AccessDeniedException: Access Denied. at /home/dquintana/desarrollo/rest-ep2/finish/vendor/symfony/security/Http/Firewall/AccessListener.php:70)"} []
[2017-07-06 10:37:25] myapp.DEBUG: Calling Authentication entry point. [] []
[2017-07-06 10:37:25] myapp.INFO: < 302 http://localhost:8000/login [] []
[2017-07-06 10:37:25] myapp.INFO: Matched route "user_login". {"route_parameters":{"_controller":["[object] (KnpU\\CodeBattle\\Controller\\UserController: {})","loginAction"],"_route":"user_login"},"request_uri":"http://localhost:8000/login"} []
[2017-07-06 10:37:25] myapp.INFO: Populated the TokenStorage with an anonymous Token. [] []
[2017-07-06 10:37:25] myapp.INFO: > GET /login [] []
[2017-07-06 10:37:25] myapp.INFO: < 200 [] []
[2017-07-06 10:37:31] myapp.INFO: Matched route "user_login_check". {"route_parameters":{"_controller":["[object] (KnpU\\CodeBattle\\Controller\\UserController: {})","loginCheckAction"],"_route":"user_login_check"},"request_uri":"http://localhost:8000/login_check"} []
[2017-07-06 10:37:31] myapp.INFO: User has been authenticated successfully. {"username":"ryan@knplabs.com"} []
[2017-07-06 10:37:31] myapp.INFO: < 302 http://localhost:8000/ [] []
[2017-07-06 10:37:31] myapp.DEBUG: Stored the security token in the session. {"key":"_security_main"} []
[2017-07-06 10:37:31] myapp.INFO: Matched route "homepage". {"route_parameters":{"_controller":["[object] (KnpU\\CodeBattle\\Controller\\DefaultController: {})","homepageAction"],"_route":"homepage"},"request_uri":"http://localhost:8000/"} []
[2017-07-06 10:37:31] myapp.DEBUG: Read existing security token from the session. {"key":"_security_main"} []
[2017-07-06 10:37:31] myapp.DEBUG: User was reloaded from a user provider. {"username":"ryan@knplabs.com","provider":"KnpU\\CodeBattle\\Repository\\UserRepository"} []
[2017-07-06 10:37:31] myapp.INFO: > GET / [] []
[2017-07-06 10:37:31] myapp.INFO: < 200 [] []
[2017-07-06 10:37:31] myapp.DEBUG: Stored the security token in the session. {"key":"_security_main"} []
[2017-07-06 10:37:33] myapp.INFO: Matched route "user_logout". {"route_parameters":{"_controller":["[object] (KnpU\\CodeBattle\\Controller\\UserController: {})","logoutAction"],"_route":"user_logout"},"request_uri":"http://localhost:8000/logout"} []
[2017-07-06 10:37:33] myapp.DEBUG: Read existing security token from the session. {"key":"_security_main"} []
[2017-07-06 10:37:33] myapp.DEBUG: User was reloaded from a user provider. {"username":"ryan@knplabs.com","provider":"KnpU\\CodeBattle\\Repository\\UserRepository"} []
[2017-07-06 10:37:33] myapp.INFO: < 302 http://localhost:8000/ [] []
[2017-07-06 10:37:33] myapp.INFO: Matched route "homepage". {"route_parameters":{"_controller":["[object] (KnpU\\CodeBattle\\Controller\\DefaultController: {})","homepageAction"],"_route":"homepage"},"request_uri":"http://localhost:8000/"} []
[2017-07-06 10:37:33] myapp.INFO: Populated the TokenStorage with an anonymous Token. [] []
[2017-07-06 10:37:33] myapp.DEBUG: Access denied, the user is not fully authenticated; redirecting to authentication entry point. {"exception":"[object] (Symfony\\Component\\Security\\Core\\Exception\\AccessDeniedException: Access Denied. at /home/dquintana/desarrollo/rest-ep2/finish/vendor/symfony/security/Http/Firewall/AccessListener.php:70)"} []
[2017-07-06 10:37:33] myapp.DEBUG: Calling Authentication entry point. [] []
[2017-07-06 10:37:33] myapp.INFO: < 302 http://localhost:8000/login [] []
[2017-07-06 10:37:33] myapp.INFO: Matched route "user_login". {"route_parameters":{"_controller":["[object] (KnpU\\CodeBattle\\Controller\\UserController: {})","loginAction"],"_route":"user_login"},"request_uri":"http://localhost:8000/login"} []
[2017-07-06 10:37:33] myapp.INFO: Populated the TokenStorage with an anonymous Token. [] []
[2017-07-06 10:37:33] myapp.INFO: > GET /login [] []
[2017-07-06 10:37:33] myapp.INFO: < 200 [] []
[2017-07-06 10:40:32] myapp.INFO: Matched route "homepage". {"route_parameters":{"_controller":["[object] (KnpU\\CodeBattle\\Controller\\DefaultController: {})","homepageAction"],"_route":"homepage"},"request_uri":"http://localhost:8000/"} []
[2017-07-06 10:40:32] myapp.INFO: Populated the TokenStorage with an anonymous Token. [] []
[2017-07-06 10:40:32] myapp.DEBUG: Access denied, the user is not fully authenticated; redirecting to authentication entry point. {"exception":"[object] (Symfony\\Component\\Security\\Core\\Exception\\AccessDeniedException: Access Denied. at /home/dquintana/desarrollo/rest-ep2/finish/vendor/symfony/security/Http/Firewall/AccessListener.php:70)"} []
[2017-07-06 10:40:32] myapp.DEBUG: Calling Authentication entry point. [] []
[2017-07-06 10:40:32] myapp.INFO: < 302 http://localhost:8000/login [] []
[2017-07-06 10:40:32] myapp.INFO: Matched route "user_login". {"route_parameters":{"_controller":["[object] (KnpU\\CodeBattle\\Controller\\UserController: {})","loginAction"],"_route":"user_login"},"request_uri":"http://localhost:8000/login"} []
[2017-07-06 10:40:32] myapp.INFO: Populated the TokenStorage with an anonymous Token. [] []
[2017-07-06 10:40:32] myapp.INFO: > GET /login [] []
[2017-07-06 10:40:32] myapp.INFO: < 200 [] []
[2017-07-06 10:41:13] myapp.INFO: Matched route "user_login_check". {"route_parameters":{"_controller":["[object] (KnpU\\CodeBattle\\Controller\\UserController: {})","loginCheckAction"],"_route":"user_login_check"},"request_uri":"http://localhost:8000/login_check"} []
[2017-07-06 10:41:13] myapp.INFO: User has been authenticated successfully. {"username":"ryan@knplabs.com"} []
[2017-07-06 10:41:13] myapp.INFO: < 302 http://localhost:8000/ [] []
[2017-07-06 10:41:13] myapp.DEBUG: Stored the security token in the session. {"key":"_security_main"} []
[2017-07-06 10:41:13] myapp.INFO: Matched route "homepage". {"route_parameters":{"_controller":["[object] (KnpU\\CodeBattle\\Controller\\DefaultController: {})","homepageAction"],"_route":"homepage"},"request_uri":"http://localhost:8000/"} []
[2017-07-06 10:41:13] myapp.DEBUG: Read existing security token from the session. {"key":"_security_main"} []
[2017-07-06 10:41:13] myapp.DEBUG: User was reloaded from a user provider. {"username":"ryan@knplabs.com","provider":"KnpU\\CodeBattle\\Repository\\UserRepository"} []
[2017-07-06 10:41:13] myapp.INFO: > GET / [] []
[2017-07-06 10:41:13] myapp.INFO: < 200 [] []
[2017-07-06 10:41:13] myapp.DEBUG: Stored the security token in the session. {"key":"_security_main"} []
[2017-07-06 10:41:35] myapp.INFO: Matched route "user_tokens". {"route_parameters":{"_controller":["[object] (KnpU\\CodeBattle\\Controller\\TokenController: {})","indexAction"],"_route":"user_tokens"},"request_uri":"http://localhost:8000/tokens"} []
[2017-07-06 10:41:35] myapp.DEBUG: Read existing security token from the session. {"key":"_security_main"} []
[2017-07-06 10:41:35] myapp.DEBUG: User was reloaded from a user provider. {"username":"ryan@knplabs.com","provider":"KnpU\\CodeBattle\\Repository\\UserRepository"} []
[2017-07-06 10:41:35] myapp.INFO: > GET /tokens [] []
[2017-07-06 10:41:35] myapp.INFO: < 200 [] []
[2017-07-06 10:41:35] myapp.DEBUG: Stored the security token in the session. {"key":"_security_main"} []
[2017-07-06 10:42:21] myapp.INFO: Matched route "user_tokens_new". {"route_parameters":{"_controller":["[object] (KnpU\\CodeBattle\\Controller\\TokenController: {})","newAction"],"_route":"user_tokens_new"},"request_uri":"http://localhost:8000/tokens/new"} []
[2017-07-06 10:42:21] myapp.DEBUG: Read existing security token from the session. {"key":"_security_main"} []
[2017-07-06 10:42:21] myapp.DEBUG: User was reloaded from a user provider. {"username":"ryan@knplabs.com","provider":"KnpU\\CodeBattle\\Repository\\UserRepository"} []
[2017-07-06 10:42:21] myapp.INFO: > GET /tokens/new [] []
[2017-07-06 10:42:21] myapp.INFO: < 200 [] []
[2017-07-06 10:42:21] myapp.DEBUG: Stored the security token in the session. {"key":"_security_main"} []
[2017-07-06 10:42:43] myapp.INFO: Matched route "user_tokens_new_process". {"route_parameters":{"_controller":["[object] (KnpU\\CodeBattle\\Controller\\TokenController: {})","newAction"],"_route":"user_tokens_new_process"},"request_uri":"http://localhost:8000/tokens/new"} []
[2017-07-06 10:42:43] myapp.DEBUG: Read existing security token from the session. {"key":"_security_main"} []
[2017-07-06 10:42:43] myapp.DEBUG: User was reloaded from a user provider. {"username":"ryan@knplabs.com","provider":"KnpU\\CodeBattle\\Repository\\UserRepository"} []
[2017-07-06 10:42:43] myapp.INFO: > POST /tokens/new [] []
[2017-07-06 10:42:43] myapp.INFO: < 302 /tokens [] []
[2017-07-06 10:42:43] myapp.DEBUG: Stored the security token in the session. {"key":"_security_main"} []
[2017-07-06 10:42:43] myapp.INFO: Matched route "user_tokens". {"route_parameters":{"_controller":["[object] (KnpU\\CodeBattle\\Controller\\TokenController: {})","indexAction"],"_route":"user_tokens"},"request_uri":"http://localhost:8000/tokens"} []
[2017-07-06 10:42:43] myapp.DEBUG: Read existing security token from the session. {"key":"_security_main"} []
[2017-07-06 10:42:43] myapp.DEBUG: User was reloaded from a user provider. {"username":"ryan@knplabs.com","provider":"KnpU\\CodeBattle\\Repository\\UserRepository"} []
[2017-07-06 10:42:43] myapp.INFO: > GET /tokens [] []
[2017-07-06 10:42:43] myapp.INFO: < 200 [] []
[2017-07-06 10:42:43] myapp.DEBUG: Stored the security token in the session. {"key":"_security_main"} []
[2017-07-06 10:49:13] myapp.INFO: Matched route "POST_api_tokens". {"route_parameters":{"_controller":["[object] (KnpU\\CodeBattle\\Controller\\Api\\TokenController: {})","newAction"],"_route":"POST_api_tokens"},"request_uri":"http://localhost:8000/api/tokens"} []
[2017-07-06 10:49:13] myapp.INFO: Basic authentication Authorization header found for user. {"username":"weaverryan"} []
[2017-07-06 10:49:13] myapp.INFO: > POST /api/tokens [] []
[2017-07-06 10:49:14] myapp.INFO: < 201 [] []
[2017-07-06 10:49:14] myapp.INFO: Matched route "POST_api_tokens". {"route_parameters":{"_controller":["[object] (KnpU\\CodeBattle\\Controller\\Api\\TokenController: {})","newAction"],"_route":"POST_api_tokens"},"request_uri":"http://localhost:8000/api/tokens"} []
[2017-07-06 10:49:14] myapp.INFO: Basic authentication Authorization header found for user. {"username":"weaverryan"} []
[2017-07-06 10:49:14] myapp.INFO: Basic authentication failed for user. {"username":"weaverryan","exception":"[object] (Symfony\\Component\\Security\\Core\\Exception\\BadCredentialsException: Bad credentials. at /home/dquintana/desarrollo/rest-ep2/finish/vendor/symfony/security/Core/Authentication/Provider/UserAuthenticationProvider.php:90, Symfony\\Component\\Security\\Core\\Exception\\BadCredentialsException: The presented password is invalid. at /home/dquintana/desarrollo/rest-ep2/finish/vendor/symfony/security/Core/Authentication/Provider/DaoAuthenticationProvider.php:67)"} []
[2017-07-06 10:49:14] myapp.INFO: < 401 [] []
[2017-07-06 10:49:14] myapp.INFO: Matched route "POST_api_tokens". {"route_parameters":{"_controller":["[object] (KnpU\\CodeBattle\\Controller\\Api\\TokenController: {})","newAction"],"_route":"POST_api_tokens"},"request_uri":"http://localhost:8000/api/tokens"} []
[2017-07-06 10:49:14] myapp.INFO: Basic authentication Authorization header found for user. {"username":"weaverryan"} []
[2017-07-06 10:49:14] myapp.INFO: > POST /api/tokens [] []
[2017-07-06 10:49:14] myapp.ERROR: KnpU\CodeBattle\Api\ApiProblemException: There was a validation error (uncaught exception) at /home/dquintana/desarrollo/rest-ep2/finish/src/KnpU/CodeBattle/Controller/BaseController.php line 298 {"exception":"[object] (KnpU\\CodeBattle\\Api\\ApiProblemException: There was a validation error at /home/dquintana/desarrollo/rest-ep2/finish/src/KnpU/CodeBattle/Controller/BaseController.php:298)"} []
[2017-07-06 10:49:14] myapp.INFO: < 400 [] []
[2017-07-06 17:17:02] myapp.INFO: Matched route "homepage". {"route_parameters":{"_controller":["[object] (KnpU\\CodeBattle\\Controller\\DefaultController: {})","homepageAction"],"_route":"homepage"},"request_uri":"http://localhost:8000/"} []
[2017-07-06 17:17:02] myapp.INFO: Populated the TokenStorage with an anonymous Token. [] []
[2017-07-06 17:17:02] myapp.DEBUG: Access denied, the user is not fully authenticated; redirecting to authentication entry point. {"exception":"[object] (Symfony\\Component\\Security\\Core\\Exception\\AccessDeniedException: Access Denied. at /home/dquintana/desarrollo/rest-ep2/finish/vendor/symfony/security/Http/Firewall/AccessListener.php:70)"} []
[2017-07-06 17:17:02] myapp.DEBUG: Calling Authentication entry point. [] []
[2017-07-06 17:17:02] myapp.INFO: < 302 http://localhost:8000/login [] []
[2017-07-06 17:17:02] myapp.INFO: Matched route "user_login". {"route_parameters":{"_controller":["[object] (KnpU\\CodeBattle\\Controller\\UserController: {})","loginAction"],"_route":"user_login"},"request_uri":"http://localhost:8000/login"} []
[2017-07-06 17:17:02] myapp.INFO: Populated the TokenStorage with an anonymous Token. [] []
[2017-07-06 17:17:02] myapp.INFO: > GET /login [] []
[2017-07-06 17:17:02] myapp.INFO: < 200 [] []
[2017-07-06 17:17:08] myapp.INFO: Matched route "user_login_check". {"route_parameters":{"_controller":["[object] (KnpU\\CodeBattle\\Controller\\UserController: {})","loginCheckAction"],"_route":"user_login_check"},"request_uri":"http://localhost:8000/login_check"} []
[2017-07-06 17:17:08] myapp.INFO: User has been authenticated successfully. {"username":"ryan@knplabs.com"} []
[2017-07-06 17:17:08] myapp.INFO: < 302 http://localhost:8000/ [] []
[2017-07-06 17:17:08] myapp.DEBUG: Stored the security token in the session. {"key":"_security_main"} []
[2017-07-06 17:17:08] myapp.INFO: Matched route "homepage". {"route_parameters":{"_controller":["[object] (KnpU\\CodeBattle\\Controller\\DefaultController: {})","homepageAction"],"_route":"homepage"},"request_uri":"http://localhost:8000/"} []
[2017-07-06 17:17:08] myapp.DEBUG: Read existing security token from the session. {"key":"_security_main"} []
[2017-07-06 17:17:08] myapp.DEBUG: User was reloaded from a user provider. {"username":"ryan@knplabs.com","provider":"KnpU\\CodeBattle\\Repository\\UserRepository"} []
[2017-07-06 17:17:08] myapp.INFO: > GET / [] []
[2017-07-06 17:17:08] myapp.INFO: < 200 [] []
[2017-07-06 17:17:08] myapp.DEBUG: Stored the security token in the session. {"key":"_security_main"} []
[2017-07-06 17:17:18] myapp.INFO: Matched route "programmer_new". {"route_parameters":{"_controller":["[object] (KnpU\\CodeBattle\\Controller\\ProgrammerController: {})","newAction"],"_route":"programmer_new"},"request_uri":"http://localhost:8000/programmers/new"} []
[2017-07-06 17:17:18] myapp.DEBUG: Read existing security token from the session. {"key":"_security_main"} []
[2017-07-06 17:17:18] myapp.DEBUG: User was reloaded from a user provider. {"username":"ryan@knplabs.com","provider":"KnpU\\CodeBattle\\Repository\\UserRepository"} []
[2017-07-06 17:17:18] myapp.INFO: > GET /programmers/new [] []
[2017-07-06 17:17:19] myapp.INFO: < 200 [] []
[2017-07-06 17:17:19] myapp.DEBUG: Stored the security token in the session. {"key":"_security_main"} []
[2017-07-06 17:17:42] myapp.INFO: Matched route "programmer_new_handle". {"route_parameters":{"_controller":["[object] (KnpU\\CodeBattle\\Controller\\ProgrammerController: {})","handleNewAction"],"_route":"programmer_new_handle"},"request_uri":"http://localhost:8000/programmers/new"} []
[2017-07-06 17:17:42] myapp.DEBUG: Read existing security token from the session. {"key":"_security_main"} []
[2017-07-06 17:17:42] myapp.DEBUG: User was reloaded from a user provider. {"username":"ryan@knplabs.com","provider":"KnpU\\CodeBattle\\Repository\\UserRepository"} []
[2017-07-06 17:17:42] myapp.INFO: > POST /programmers/new [] []
[2017-07-06 17:17:42] myapp.INFO: < 302 /programmers/HappyCoder [] []
[2017-07-06 17:17:42] myapp.DEBUG: Stored the security token in the session. {"key":"_security_main"} []
[2017-07-06 17:17:42] myapp.INFO: Matched route "programmer_show". {"route_parameters":{"_controller":["[object] (KnpU\\CodeBattle\\Controller\\ProgrammerController: {})","showAction"],"nickname":"HappyCoder","_route":"programmer_show"},"request_uri":"http://localhost:8000/programmers/HappyCoder"} []
[2017-07-06 17:17:42] myapp.DEBUG: Read existing security token from the session. {"key":"_security_main"} []
[2017-07-06 17:17:42] myapp.DEBUG: User was reloaded from a user provider. {"username":"ryan@knplabs.com","provider":"KnpU\\CodeBattle\\Repository\\UserRepository"} []
[2017-07-06 17:17:42] myapp.INFO: > GET /programmers/HappyCoder [] []
[2017-07-06 17:17:42] myapp.INFO: < 200 [] []
[2017-07-06 17:17:42] myapp.DEBUG: Stored the security token in the session. {"key":"_security_main"} []
[2017-07-06 17:18:22] myapp.INFO: Matched route "battle_new". {"route_parameters":{"_controller":["[object] (KnpU\\CodeBattle\\Controller\\BattleController: {})","newAction"],"_route":"battle_new"},"request_uri":"http://localhost:8000/battles/new"} []
[2017-07-06 17:18:22] myapp.DEBUG: Read existing security token from the session. {"key":"_security_main"} []
[2017-07-06 17:18:22] myapp.DEBUG: User was reloaded from a user provider. {"username":"ryan@knplabs.com","provider":"KnpU\\CodeBattle\\Repository\\UserRepository"} []
[2017-07-06 17:18:22] myapp.INFO: > POST /battles/new [] []
[2017-07-06 17:18:22] myapp.INFO: < 302 /battles/1 [] []
[2017-07-06 17:18:22] myapp.DEBUG: Stored the security token in the session. {"key":"_security_main"} []
[2017-07-06 17:18:22] myapp.INFO: Matched route "battle_show". {"route_parameters":{"_controller":["[object] (KnpU\\CodeBattle\\Controller\\BattleController: {})","showAction"],"id":"1","_route":"battle_show"},"request_uri":"http://localhost:8000/battles/1"} []
[2017-07-06 17:18:22] myapp.DEBUG: Read existing security token from the session. {"key":"_security_main"} []
[2017-07-06 17:18:22] myapp.DEBUG: User was reloaded from a user provider. {"username":"ryan@knplabs.com","provider":"KnpU\\CodeBattle\\Repository\\UserRepository"} []
[2017-07-06 17:18:22] myapp.INFO: > GET /battles/1 [] []
[2017-07-06 17:18:23] myapp.INFO: < 200 [] []
[2017-07-06 17:18:23] myapp.DEBUG: Stored the security token in the session. {"key":"_security_main"} []
[2017-07-07 11:23:17] myapp.INFO: Matched route "api_battle_show". {"route_parameters":{"_controller":["[object] (KnpU\\CodeBattle\\Controller\\Api\\BattleController: {})","showAction"],"id":"1","_route":"api_battle_show"},"request_uri":"http://localhost:8000/api/battles/1"} []
[2017-07-07 11:23:17] myapp.INFO: > GET /api/battles/1 [] []
[2017-07-07 11:23:18] myapp.INFO: < 200 [] []
[2017-07-08 09:02:15] myapp.INFO: Matched route "api_battle_show". {"route_parameters":{"_controller":["[object] (KnpU\\CodeBattle\\Controller\\Api\\BattleController: {})","showAction"],"id":"1","_route":"api_battle_show"},"request_uri":"http://localhost:8000/api/battles/1"} []
[2017-07-08 09:02:15] myapp.INFO: > GET /api/battles/1 [] []
[2017-07-08 09:02:15] myapp.INFO: < 200 [] []
[2017-07-08 09:20:35] myapp.INFO: Matched route "POST_api_battles". {"route_parameters":{"_controller":["[object] (KnpU\\CodeBattle\\Controller\\Api\\BattleController: {})","newAction"],"_route":"POST_api_battles"},"request_uri":"http://localhost:8000/api/battles"} []
[2017-07-08 09:20:35] myapp.INFO: > POST /api/battles [] []
[2017-07-08 09:20:35] myapp.INFO: < 201 [] []
[2017-07-08 09:36:13] myapp.INFO: Matched route "homepage". {"route_parameters":{"_controller":["[object] (KnpU\\CodeBattle\\Controller\\DefaultController: {})","homepageAction"],"_route":"homepage"},"request_uri":"http://localhost:8000/"} []
[2017-07-08 09:36:13] myapp.INFO: Populated the TokenStorage with an anonymous Token. [] []
[2017-07-08 09:36:13] myapp.DEBUG: Access denied, the user is not fully authenticated; redirecting to authentication entry point. {"exception":"[object] (Symfony\\Component\\Security\\Core\\Exception\\AccessDeniedException: Access Denied. at /home/dquintana/desarrollo/rest-ep2/finish/vendor/symfony/security/Http/Firewall/AccessListener.php:70)"} []
[2017-07-08 09:36:13] myapp.DEBUG: Calling Authentication entry point. [] []
[2017-07-08 09:36:13] myapp.INFO: < 302 http://localhost:8000/login [] []
[2017-07-08 09:36:14] myapp.INFO: Matched route "user_login". {"route_parameters":{"_controller":["[object] (KnpU\\CodeBattle\\Controller\\UserController: {})","loginAction"],"_route":"user_login"},"request_uri":"http://localhost:8000/login"} []
[2017-07-08 09:36:14] myapp.INFO: Populated the TokenStorage with an anonymous Token. [] []
[2017-07-08 09:36:14] myapp.INFO: > GET /login [] []
[2017-07-08 09:36:14] myapp.INFO: < 200 [] []
[2017-07-08 09:36:38] myapp.INFO: Matched route "homepage". {"route_parameters":{"_controller":["[object] (KnpU\\CodeBattle\\Controller\\DefaultController: {})","homepageAction"],"_route":"homepage"},"request_uri":"http://localhost:8000/"} []
[2017-07-08 09:36:38] myapp.INFO: Populated the TokenStorage with an anonymous Token. [] []
[2017-07-08 09:36:38] myapp.DEBUG: Access denied, the user is not fully authenticated; redirecting to authentication entry point. {"exception":"[object] (Symfony\\Component\\Security\\Core\\Exception\\AccessDeniedException: Access Denied. at /home/dquintana/desarrollo/rest-ep2/finish/vendor/symfony/security/Http/Firewall/AccessListener.php:70)"} []
[2017-07-08 09:36:38] myapp.DEBUG: Calling Authentication entry point. [] []
[2017-07-08 09:36:38] myapp.INFO: < 302 http://localhost:8000/login [] []
[2017-07-08 09:36:38] myapp.INFO: Matched route "user_login". {"route_parameters":{"_controller":["[object] (KnpU\\CodeBattle\\Controller\\UserController: {})","loginAction"],"_route":"user_login"},"request_uri":"http://localhost:8000/login"} []
[2017-07-08 09:36:38] myapp.INFO: Populated the TokenStorage with an anonymous Token. [] []
[2017-07-08 09:36:38] myapp.INFO: > GET /login [] []
[2017-07-08 09:36:38] myapp.INFO: < 200 [] []
[2017-07-08 09:37:16] myapp.INFO: Matched route "api_battle_show". {"route_parameters":{"_controller":["[object] (KnpU\\CodeBattle\\Controller\\Api\\BattleController: {})","showAction"],"id":"1","_route":"api_battle_show"},"request_uri":"http://localhost:8000/api/battles/1"} []
[2017-07-08 09:37:16] myapp.INFO: Populated the TokenStorage with an anonymous Token. [] []
[2017-07-08 09:37:16] myapp.INFO: > GET /api/battles/1 [] []
[2017-07-08 09:37:16] myapp.INFO: < 200 [] []
[2017-07-08 09:38:57] myapp.INFO: Matched route "api_programmers_show". {"route_parameters":{"_controller":["[object] (KnpU\\CodeBattle\\Controller\\Api\\ProgrammerController: {})","showAction"],"nickname":"Fred","_route":"api_programmers_show"},"request_uri":"http://localhost:8000/api/programmers/Fred"} []
[2017-07-08 09:38:57] myapp.INFO: Populated the TokenStorage with an anonymous Token. [] []
[2017-07-08 09:38:57] myapp.INFO: > GET /api/programmers/Fred [] []
[2017-07-08 09:38:57] myapp.INFO: < 200 [] []
[2017-07-08 09:39:07] myapp.INFO: Matched route "api_battle_show". {"route_parameters":{"_controller":["[object] (KnpU\\CodeBattle\\Controller\\Api\\BattleController: {})","showAction"],"id":"1","_route":"api_battle_show"},"request_uri":"http://localhost:8000/api/battles/1"} []
[2017-07-08 09:39:07] myapp.INFO: Populated the TokenStorage with an anonymous Token. [] []
[2017-07-08 09:39:07] myapp.INFO: > GET /api/battles/1 [] []
[2017-07-08 09:39:07] myapp.INFO: < 200 [] []
[2017-07-08 09:41:10] myapp.INFO: Matched route "api_programmers_list". {"route_parameters":{"_controller":["[object] (KnpU\\CodeBattle\\Controller\\Api\\ProgrammerController: {})","listAction"],"_route":"api_programmers_list"},"request_uri":"http://localhost:8000/api/programmers"} []
[2017-07-08 09:41:10] myapp.INFO: Populated the TokenStorage with an anonymous Token. [] []
[2017-07-08 09:41:10] myapp.INFO: > GET /api/programmers [] []
[2017-07-08 09:41:10] myapp.INFO: < 200 [] []
[2017-07-08 10:54:34] myapp.INFO: Matched route "api_programmers_show". {"route_parameters":{"_controller":["[object] (KnpU\\CodeBattle\\Controller\\Api\\ProgrammerController: {})","showAction"],"nickname":"Fred","_route":"api_programmers_show"},"request_uri":"http://localhost:8000/api/programmers/Fred"} []
[2017-07-08 10:54:34] myapp.INFO: Populated the TokenStorage with an anonymous Token. [] []
[2017-07-08 10:54:34] myapp.INFO: > GET /api/programmers/Fred [] []
[2017-07-08 10:54:34] myapp.INFO: < 200 [] []
[2017-07-08 10:54:46] myapp.INFO: Matched route "api_programmers_battles_list". {"route_parameters":{"_controller":["[object] (KnpU\\CodeBattle\\Controller\\Api\\ProgrammerController: {})","listBattlesAction"],"nickname":"Fred","_route":"api_programmers_battles_list"},"request_uri":"http://localhost:8000/api/programmers/Fred/battles"} []
[2017-07-08 10:54:46] myapp.INFO: Populated the TokenStorage with an anonymous Token. [] []
[2017-07-08 10:54:46] myapp.INFO: > GET /api/programmers/Fred/battles [] []
[2017-07-08 10:54:46] myapp.INFO: < 200 [] []
[2017-07-08 11:00:17] myapp.INFO: Matched route "api_homepage". {"route_parameters":{"_controller":["[object] (KnpU\\CodeBattle\\Controller\\Api\\ProgrammerController: {})","homepageAction"],"_route":"api_homepage"},"request_uri":"http://localhost:8000/api"} []
[2017-07-08 11:00:17] myapp.INFO: Populated the TokenStorage with an anonymous Token. [] []
[2017-07-08 11:00:17] myapp.INFO: > GET /api [] []
[2017-07-08 11:00:17] myapp.INFO: < 200 [] []
[2017-07-08 11:05:58] myapp.INFO: Matched route "api_homepage". {"route_parameters":{"_controller":["[object] (KnpU\\CodeBattle\\Controller\\Api\\ProgrammerController: {})","homepageAction"],"_route":"api_homepage"},"request_uri":"http://localhost:8000/api"} []
[2017-07-08 11:05:58] myapp.INFO: Populated the TokenStorage with an anonymous Token. [] []
[2017-07-08 11:05:58] myapp.INFO: > GET /api [] []
[2017-07-08 11:05:58] myapp.INFO: < 200 [] []
[2017-07-08 11:30:42] myapp.INFO: Matched route "api_programmers_list". {"route_parameters":{"_controller":["[object] (KnpU\\CodeBattle\\Controller\\Api\\ProgrammerController: {})","listAction"],"_route":"api_programmers_list"},"request_uri":"http://localhost:8000/api/programmers"} []
[2017-07-08 11:30:42] myapp.INFO: Populated the TokenStorage with an anonymous Token. [] []
[2017-07-08 11:30:42] myapp.INFO: > GET /api/programmers [] []
[2017-07-08 11:30:42] myapp.INFO: < 200 [] []
[2017-07-08 11:31:32] myapp.INFO: Matched route "api_programmers_list". {"route_parameters":{"_controller":["[object] (KnpU\\CodeBattle\\Controller\\Api\\ProgrammerController: {})","listAction"],"_route":"api_programmers_list"},"request_uri":"http://localhost:8000/api/programmers"} []
[2017-07-08 11:31:32] myapp.INFO: Populated the TokenStorage with an anonymous Token. [] []
[2017-07-08 11:31:32] myapp.INFO: > GET /api/programmers [] []
[2017-07-08 11:31:32] myapp.INFO: < 200 [] []
[2017-07-08 11:33:14] myapp.INFO: Matched route "api_programmers_list". {"route_parameters":{"_controller":["[object] (KnpU\\CodeBattle\\Controller\\Api\\ProgrammerController: {})","listAction"],"_route":"api_programmers_list"},"request_uri":"http://localhost:8000/api/programmers"} []
[2017-07-08 11:33:14] myapp.INFO: > GET /api/programmers [] []
[2017-07-08 11:33:14] myapp.INFO: < 200 [] []
[2017-07-08 11:33:14] myapp.INFO: Matched route "api_programmers_list". {"route_parameters":{"_controller":["[object] (KnpU\\CodeBattle\\Controller\\Api\\ProgrammerController: {})","listAction"],"_route":"api_programmers_list"},"request_uri":"http://localhost:8000/api/programmers?limit=5&page=2"} []
[2017-07-08 11:33:14] myapp.INFO: > GET /api/programmers?page=2&limit=5 [] []
[2017-07-08 11:33:14] myapp.INFO: < 200 [] []
[2017-07-08 11:33:19] myapp.INFO: Matched route "api_programmers_list". {"route_parameters":{"_controller":["[object] (KnpU\\CodeBattle\\Controller\\Api\\ProgrammerController: {})","listAction"],"_route":"api_programmers_list"},"request_uri":"http://localhost:8000/api/programmers"} []
[2017-07-08 11:33:19] myapp.INFO: Populated the TokenStorage with an anonymous Token. [] []
[2017-07-08 11:33:19] myapp.INFO: > GET /api/programmers [] []
[2017-07-08 11:33:19] myapp.INFO: < 200 [] []
[2017-07-08 11:33:44] myapp.INFO: Matched route "api_programmers_list". {"route_parameters":{"_controller":["[object] (KnpU\\CodeBattle\\Controller\\Api\\ProgrammerController: {})","listAction"],"_route":"api_programmers_list"},"request_uri":"http://localhost:8000/api/programmers?limit=5&page=2"} []
[2017-07-08 11:33:44] myapp.INFO: Populated the TokenStorage with an anonymous Token. [] []
[2017-07-08 11:33:44] myapp.INFO: > GET /api/programmers?page=2&limit=5 [] []
[2017-07-08 11:33:44] myapp.INFO: < 200 [] []
[2017-07-26 12:17:12] myapp.INFO: Matched route "homepage". {"route_parameters":{"_controller":["[object] (KnpU\\CodeBattle\\Controller\\DefaultController: {})","homepageAction"],"_route":"homepage"},"request_uri":"http://localhost:8000/"} []
[2017-07-26 12:17:12] myapp.INFO: Populated the TokenStorage with an anonymous Token. [] []
[2017-07-26 12:17:12] myapp.DEBUG: Access denied, the user is not fully authenticated; redirecting to authentication entry point. {"exception":"[object] (Symfony\\Component\\Security\\Core\\Exception\\AccessDeniedException: Access Denied. at /home/dquintana/desarrollo/rest-ep2/finish/vendor/symfony/security/Http/Firewall/AccessListener.php:70)"} []
[2017-07-26 12:17:12] myapp.DEBUG: Calling Authentication entry point. [] []
[2017-07-26 12:17:12] myapp.INFO: < 302 http://localhost:8000/login [] []
[2017-07-26 12:17:12] myapp.INFO: Matched route "user_login". {"route_parameters":{"_controller":["[object] (KnpU\\CodeBattle\\Controller\\UserController: {})","loginAction"],"_route":"user_login"},"request_uri":"http://localhost:8000/login"} []
[2017-07-26 12:17:12] myapp.INFO: Populated the TokenStorage with an anonymous Token. [] []
[2017-07-26 12:17:12] myapp.INFO: > GET /login [] []
[2017-07-26 12:17:13] myapp.INFO: < 200 [] []
[2017-07-26 12:17:25] myapp.INFO: Matched route "user_login_check". {"route_parameters":{"_controller":["[object] (KnpU\\CodeBattle\\Controller\\UserController: {})","loginCheckAction"],"_route":"user_login_check"},"request_uri":"http://localhost:8000/login_check"} []
[2017-07-26 12:17:25] myapp.INFO: Authentication request failed. {"exception":"[object] (Symfony\\Component\\Security\\Core\\Exception\\BadCredentialsException: Bad credentials. at /home/dquintana/desarrollo/rest-ep2/finish/vendor/symfony/security/Core/Authentication/Provider/UserAuthenticationProvider.php:73, Symfony\\Component\\Security\\Core\\Exception\\UsernameNotFoundException: Email \"ryan@knplabs.com\" does not exist. at /home/dquintana/desarrollo/rest-ep2/finish/src/KnpU/CodeBattle/Repository/UserRepository.php:96)"} []
[2017-07-26 12:17:25] myapp.DEBUG: Authentication failure, redirect triggered. {"failure_path":"/login"} []
[2017-07-26 12:17:25] myapp.INFO: < 302 http://localhost:8000/login [] []
[2017-07-26 12:17:25] myapp.INFO: Matched route "user_login". {"route_parameters":{"_controller":["[object] (KnpU\\CodeBattle\\Controller\\UserController: {})","loginAction"],"_route":"user_login"},"request_uri":"http://localhost:8000/login"} []
[2017-07-26 12:17:25] myapp.INFO: Populated the TokenStorage with an anonymous Token. [] []
[2017-07-26 12:17:25] myapp.INFO: > GET /login [] []
[2017-07-26 12:17:26] myapp.INFO: < 200 [] []
[2017-07-26 12:20:42] myapp.INFO: Matched route "user_login". {"route_parameters":{"_controller":["[object] (KnpU\\CodeBattle\\Controller\\UserController: {})","loginAction"],"_route":"user_login"},"request_uri":"http://localhost:8000/login"} []
[2017-07-26 12:20:42] myapp.INFO: Populated the TokenStorage with an anonymous Token. [] []
[2017-07-26 12:20:42] myapp.INFO: > GET /login [] []
[2017-07-26 12:20:43] myapp.INFO: < 200 [] []
